

Microchip Technology PIC LITE Macro Assembler V1.42 build -159332390 
                                                                                               Mon Mar 02 13:46:26 2020

Microchip Technology Omniscient Code Generator v1.42 (Free mode) build 201704130522
     1                           	processor	12F675
     2                           	opt	pw 120
     3                           	opt	lm
     4                           	psect	cinit,global,class=CODE,merge=1,delta=2
     5                           	psect	cstackCOMMON,global,class=COMMON,space=1,delta=1
     6                           	psect	cstackBANK0,global,class=BANK0,space=1,delta=1
     7                           	psect	maintext,global,class=CODE,split=1,delta=2
     8                           	dabs	1,0x5E,2
     9  0000                     
    10                           ; Version 1.42
    11                           ; Generated 13/04/2017 GMT
    12                           ; 
    13                           ; Copyright © 2017, Microchip Technology Inc. and its subsidiaries ("Microchip")
    14                           ; All rights reserved.
    15                           ; 
    16                           ; This software is developed by Microchip Technology Inc. and its subsidiaries ("Microch
      +                          ip").
    17                           ; 
    18                           ; Redistribution and use in source and binary forms, with or without modification, are
    19                           ; permitted provided that the following conditions are met:
    20                           ; 
    21                           ;     1. Redistributions of source code must retain the above copyright notice, this lis
      +                          t of
    22                           ;        conditions and the following disclaimer.
    23                           ; 
    24                           ;     2. Redistributions in binary form must reproduce the above copyright notice, this 
      +                          list
    25                           ;        of conditions and the following disclaimer in the documentation and/or other
    26                           ;        materials provided with the distribution.
    27                           ; 
    28                           ;     3. Microchip's name may not be used to endorse or promote products derived from th
      +                          is
    29                           ;        software without specific prior written permission.
    30                           ; 
    31                           ; THIS SOFTWARE IS PROVIDED BY MICROCHIP "AS IS" AND ANY EXPRESS OR IMPLIED WARRANTIES,
    32                           ; INCLUDING, BUT NOT LIMITED TO, THE IMPLIED WARRANTIES OF MERCHANTABILITY AND FITNESS F
      +                          OR
    33                           ; PURPOSE ARE DISCLAIMED.  IN NO EVENT SHALL MICROCHIP BE LIABLE FOR ANY DIRECT, INDIREC
      +                          T,
    34                           ; INCIDENTAL, SPECIAL, EXEMPLARY, OR CONSEQUENTIAL DAMAGES (INCLUDING BUT NOT LIMITED TO
    35                           ; PROCUREMENT OF SUBSTITUTE GOODS OR SERVICES; LOSS OF USE, DATA OR PROFITS; OR BUSINESS
    36                           ; INTERRUPTION) HOWSOEVER CAUSED AND ON ANY THEORY OF LIABILITY, WHETHER IN CONTRACT, ST
      +                          RICT
    37                           ; LIABILITY, OR TORT (INCLUDING NEGLIGENCE OR OTHERWISE) ARISING IN ANY WAY OUT OF THE U
      +                          SE OF
    38                           ; THIS SOFTWARE, EVEN IF ADVISED OF THE POSSIBILITY OF SUCH DAMAGE.
    39                           ; 
    40                           ; 
    41                           ; Code-generator required, PIC12F675 Definitions
    42                           ; 
    43                           ; SFR Addresses
    44  0000                     	;# 
    45  0001                     	;# 
    46  0002                     	;# 
    47  0003                     	;# 
    48  0004                     	;# 
    49  0005                     	;# 
    50  000A                     	;# 
    51  000B                     	;# 
    52  000C                     	;# 
    53  000E                     	;# 
    54  000E                     	;# 
    55  000F                     	;# 
    56  0010                     	;# 
    57  0019                     	;# 
    58  001E                     	;# 
    59  001F                     	;# 
    60  0081                     	;# 
    61  0085                     	;# 
    62  008C                     	;# 
    63  008E                     	;# 
    64  0090                     	;# 
    65  0095                     	;# 
    66  0096                     	;# 
    67  0096                     	;# 
    68  0099                     	;# 
    69  009A                     	;# 
    70  009A                     	;# 
    71  009B                     	;# 
    72  009C                     	;# 
    73  009D                     	;# 
    74  009E                     	;# 
    75  009F                     	;# 
    76                           
    77                           ; #config settings
    78  0000                     
    79                           	psect	cinit
    80  03FD                     start_initialization:	
    81  03FD                     __initialization:	
    82  03FD                     end_of_initialization:	
    83                           ;End of C runtime variable initialization code
    84                           
    85  03FD                     __end_of__initialization:	
    86  03FD  0183               	clrf	3
    87  03FE  2BFC               	ljmp	_main	;jump to C main() function
    88                           
    89                           	psect	cstackCOMMON
    90  0000                     __pcstackCOMMON:	
    91  0000                     ??_main:	
    92                           
    93                           	psect	cstackBANK0
    94  0000                     __pcstackBANK0:	
    95                           ; 1 bytes @ 0x0
    96                           
    97  0000                     ?_main:	
    98                           
    99                           	psect	maintext
   100  03FC                     __pmaintext:	
   101                           ; 1 bytes @ 0x0
   102 ;;
   103 ;;Main: autosize = 0, tempsize = 0, incstack = 0, save=0
   104 ;;
   105 ;; *************** function _main *****************
   106 ;; Defined at:
   107 ;;		line 21 in file "main.c"
   108 ;; Parameters:    Size  Location     Type
   109 ;;		None
   110 ;; Auto vars:     Size  Location     Type
   111 ;;		None
   112 ;; Return value:  Size  Location     Type
   113 ;;                  1    wreg      void 
   114 ;; Registers used:
   115 ;;		None
   116 ;; Tracked objects:
   117 ;;		On entry : B00/0
   118 ;;		On exit  : 0/0
   119 ;;		Unchanged: 0/0
   120 ;; Data sizes:     COMMON   BANK0
   121 ;;      Params:         0       0
   122 ;;      Locals:         0       0
   123 ;;      Temps:          0       0
   124 ;;      Totals:         0       0
   125 ;;Total ram usage:        0 bytes
   126 ;; This function calls:
   127 ;;		Nothing
   128 ;; This function is called by:
   129 ;;		Startup code after reset
   130 ;; This function uses a non-reentrant model
   131 ;;
   132                           
   133                           
   134                           ;psect for function _main
   135  03FC                     _main:	
   136                           
   137                           ;main.c: 23: return;
   138                           
   139                           ;incstack = 0
   140                           ; Regs used in _main: []
   141  03FC  2800               	ljmp	start
   142  03FD                     __end_of_main:	
   143  005E                     btemp	set	94	;btemp
   144  005E                     wtemp0	set	94


Data Sizes:
    Strings     0
    Constant    0
    Data        0
    BSS         0
    Persistent  0
    Stack       0

Auto Spaces:
    Space          Size  Autos    Used
    COMMON            0      0       0
    BANK0            62      0       0

Pointer List with Targets:

    None.

Critical Paths under _main in COMMON

    None.

Critical Paths under _main in BANK0

    None.

Call Graph Tables:

 ---------------------------------------------------------------------------------
 (Depth) Function   	        Calls       Base Space   Used Autos Params    Refs
 ---------------------------------------------------------------------------------
 (0) _main                                                 0     0      0       0
 ---------------------------------------------------------------------------------
 Estimated maximum stack depth 0
 ---------------------------------------------------------------------------------

 Call Graph Graphs:

 _main (ROOT)

 Address spaces:
Name               Size   Autos  Total    Cost      Usage
BITCOMMON            0      0       0       0        0.0%
EEDATA              80      0       0       0        0.0%
NULL                 0      0       0       0        0.0%
CODE                 0      0       0       0        0.0%
BITSFR0              0      0       0       1        0.0%
SFR0                 0      0       0       1        0.0%
COMMON               0      0       0       1        0.0%
BITSFR1              0      0       0       2        0.0%
SFR1                 0      0       0       2        0.0%
STACK                0      0       0       2        0.0%
BITBANK0            3E      0       0       3        0.0%
BANK0               3E      0       0       4        0.0%
ABS                  0      0       0       5        0.0%
DATA                 0      0       0       6        0.0%


Microchip Technology PIC Macro Assembler V1.42 build -159332390 
Symbol Table                                                                                   Mon Mar 02 13:46:26 2020

            __CFG_CP$OFF 0000             __CFG_CPD$OFF 0000                     _main 03FC  
                   btemp 005E            __CFG_BOREN$ON 0000                     start 0000  
          __CFG_MCLRE$ON 0000                    ?_main 0000            __CFG_WDTE$OFF 0000  
                  status 0003                    wtemp0 005E          __initialization 03FD  
           __end_of_main 03FD                   ??_main 0000           __CFG_PWRTE$OFF 0000  
__end_of__initialization 03FD           __pcstackCOMMON 0000               __pmaintext 03FC  
   end_of_initialization 03FD      start_initialization 03FD                ___latbits 0000  
          __pcstackBANK0 0000            __size_of_main 0001        __CFG_FOSC$INTRCIO 0000  
