

Microchip Technology PIC LITE Macro Assembler V1.43 build -156212558 
                                                                                               Tue Apr 10 13:22:40 2018

Microchip Technology Omniscient Code Generator v1.43 (Free mode) build 201707250354
     1                           	processor	16F684
     2                           	opt	pw 120
     3                           	opt	lm
     4                           	psect	cinit,global,class=CODE,merge=1,delta=2
     5                           	psect	cstackCOMMON,global,class=COMMON,space=1,delta=1
     6                           	psect	maintext,global,class=CODE,split=1,delta=2
     7                           	dabs	1,0x7E,2
     8  0000                     
     9                           ; Version 1.43
    10                           ; Generated 25/07/2017 GMT
    11                           ; 
    12                           ; Copyright © 2017, Microchip Technology Inc. and its subsidiaries ("Microchip")
    13                           ; All rights reserved.
    14                           ; 
    15                           ; This software is developed by Microchip Technology Inc. and its subsidiaries ("Microch
      +                          ip").
    16                           ; 
    17                           ; Redistribution and use in source and binary forms, with or without modification, are
    18                           ; permitted provided that the following conditions are met:
    19                           ; 
    20                           ;     1. Redistributions of source code must retain the above copyright notice, this lis
      +                          t of
    21                           ;        conditions and the following disclaimer.
    22                           ; 
    23                           ;     2. Redistributions in binary form must reproduce the above copyright notice, this 
      +                          list
    24                           ;        of conditions and the following disclaimer in the documentation and/or other
    25                           ;        materials provided with the distribution.
    26                           ; 
    27                           ;     3. Microchip's name may not be used to endorse or promote products derived from th
      +                          is
    28                           ;        software without specific prior written permission.
    29                           ; 
    30                           ; THIS SOFTWARE IS PROVIDED BY MICROCHIP "AS IS" AND ANY EXPRESS OR IMPLIED WARRANTIES,
    31                           ; INCLUDING, BUT NOT LIMITED TO, THE IMPLIED WARRANTIES OF MERCHANTABILITY AND FITNESS F
      +                          OR
    32                           ; PURPOSE ARE DISCLAIMED.  IN NO EVENT SHALL MICROCHIP BE LIABLE FOR ANY DIRECT, INDIREC
      +                          T,
    33                           ; INCIDENTAL, SPECIAL, EXEMPLARY, OR CONSEQUENTIAL DAMAGES (INCLUDING BUT NOT LIMITED TO
    34                           ; PROCUREMENT OF SUBSTITUTE GOODS OR SERVICES; LOSS OF USE, DATA OR PROFITS; OR BUSINESS
    35                           ; INTERRUPTION) HOWSOEVER CAUSED AND ON ANY THEORY OF LIABILITY, WHETHER IN CONTRACT, ST
      +                          RICT
    36                           ; LIABILITY, OR TORT (INCLUDING NEGLIGENCE OR OTHERWISE) ARISING IN ANY WAY OUT OF THE U
      +                          SE OF
    37                           ; THIS SOFTWARE, EVEN IF ADVISED OF THE POSSIBILITY OF SUCH DAMAGE.
    38                           ; 
    39                           ; 
    40                           ; Code-generator required, PIC16F684 Definitions
    41                           ; 
    42                           ; SFR Addresses
    43  0000                     	;# 
    44  0001                     	;# 
    45  0002                     	;# 
    46  0003                     	;# 
    47  0004                     	;# 
    48  0005                     	;# 
    49  0007                     	;# 
    50  000A                     	;# 
    51  000B                     	;# 
    52  000C                     	;# 
    53  000E                     	;# 
    54  000E                     	;# 
    55  000F                     	;# 
    56  0010                     	;# 
    57  0011                     	;# 
    58  0012                     	;# 
    59  0013                     	;# 
    60  0013                     	;# 
    61  0014                     	;# 
    62  0015                     	;# 
    63  0016                     	;# 
    64  0017                     	;# 
    65  0018                     	;# 
    66  0019                     	;# 
    67  001A                     	;# 
    68  001E                     	;# 
    69  001F                     	;# 
    70  0081                     	;# 
    71  0085                     	;# 
    72  0087                     	;# 
    73  008C                     	;# 
    74  008E                     	;# 
    75  008F                     	;# 
    76  0090                     	;# 
    77  0091                     	;# 
    78  0092                     	;# 
    79  0095                     	;# 
    80  0095                     	;# 
    81  0096                     	;# 
    82  0096                     	;# 
    83  0099                     	;# 
    84  009A                     	;# 
    85  009A                     	;# 
    86  009B                     	;# 
    87  009C                     	;# 
    88  009D                     	;# 
    89  009E                     	;# 
    90  009F                     	;# 
    91  0005                     _PORTA	set	5
    92  0085                     _TRISA	set	133
    93                           
    94                           ; #config settings
    95  0000                     
    96                           	psect	cinit
    97  07FE                     start_initialization:	
    98  07FE                     __initialization:	
    99  07FE                     end_of_initialization:	
   100                           ;End of C runtime variable initialization code
   101                           
   102  07FE                     __end_of__initialization:	
   103  07FE  0183               	clrf	3
   104  07FF  2FF7               	ljmp	_main	;jump to C main() function
   105                           
   106                           	psect	cstackCOMMON
   107  0000                     __pcstackCOMMON:	
   108  0000                     ?_main:	
   109  0000                     ??_main:	
   110                           ; 1 bytes @ 0x0
   111                           
   112                           
   113                           	psect	maintext
   114  07F7                     __pmaintext:	
   115                           ; 1 bytes @ 0x0
   116 ;;
   117 ;;Main: autosize = 0, tempsize = 0, incstack = 0, save=0
   118 ;;
   119 ;; *************** function _main *****************
   120 ;; Defined at:
   121 ;;		line 22 in file "main.c"
   122 ;; Parameters:    Size  Location     Type
   123 ;;		None
   124 ;; Auto vars:     Size  Location     Type
   125 ;;		None
   126 ;; Return value:  Size  Location     Type
   127 ;;                  1    wreg      void 
   128 ;; Registers used:
   129 ;;		wreg, status,2
   130 ;; Tracked objects:
   131 ;;		On entry : B00/0
   132 ;;		On exit  : 0/0
   133 ;;		Unchanged: 0/0
   134 ;; Data sizes:     COMMON   BANK0   BANK1
   135 ;;      Params:         0       0       0
   136 ;;      Locals:         0       0       0
   137 ;;      Temps:          0       0       0
   138 ;;      Totals:         0       0       0
   139 ;;Total ram usage:        0 bytes
   140 ;; This function calls:
   141 ;;		Nothing
   142 ;; This function is called by:
   143 ;;		Startup code after reset
   144 ;; This function uses a non-reentrant model
   145 ;;
   146                           
   147                           
   148                           ;psect for function _main
   149  07F7                     _main:	
   150                           
   151                           ;main.c: 23: TRISA = 0x00;
   152                           
   153                           ;incstack = 0
   154                           ; Regs used in _main: [wreg+status,2]
   155  07F7  1683               	bsf	3,5	;RP0=1, select bank1
   156  07F8  0185               	clrf	5	;volatile
   157                           
   158                           ;main.c: 24: PORTA = 0x00;
   159  07F9  1283               	bcf	3,5	;RP0=0, select bank0
   160  07FA  0185               	clrf	5	;volatile
   161  07FB                     l474:	
   162                           ;main.c: 26: while (1)
   163                           
   164                           
   165                           ;main.c: 27: {
   166                           ;main.c: 28: PORTA = 0x01;
   167  07FB  3001               	movlw	1
   168  07FC  0085               	movwf	5	;volatile
   169  07FD  2FFB               	goto	l474
   170  07FE                     __end_of_main:	
   171                           ;main.c: 31: }
   172                           ;main.c: 32: return;
   173                           
   174  007E                     btemp	set	126	;btemp
   175  007E                     wtemp0	set	126


Data Sizes:
    Strings     0
    Constant    0
    Data        0
    BSS         0
    Persistent  0
    Stack       0

Auto Spaces:
    Space          Size  Autos    Used
    COMMON           14      0       0
    BANK0            80      0       0
    BANK1            32      0       0

Pointer List with Targets:

    None.

Critical Paths under _main in COMMON

    None.

Critical Paths under _main in BANK0

    None.

Critical Paths under _main in BANK1

    None.

Call Graph Tables:

 ---------------------------------------------------------------------------------
 (Depth) Function   	        Calls       Base Space   Used Autos Params    Refs
 ---------------------------------------------------------------------------------
 (0) _main                                                 0     0      0       0
 ---------------------------------------------------------------------------------
 Estimated maximum stack depth 0
 ---------------------------------------------------------------------------------

 Call Graph Graphs:

 _main (ROOT)

 Address spaces:
Name               Size   Autos  Total    Cost      Usage
BITCOMMON            E      0       0       0        0.0%
EEDATA             100      0       0       0        0.0%
NULL                 0      0       0       0        0.0%
CODE                 0      0       0       0        0.0%
COMMON               E      0       0       1        0.0%
BITSFR0              0      0       0       1        0.0%
SFR0                 0      0       0       1        0.0%
BITSFR1              0      0       0       2        0.0%
SFR1                 0      0       0       2        0.0%
STACK                0      0       0       2        0.0%
BITBANK0            50      0       0       3        0.0%
BANK0               50      0       0       4        0.0%
BANK1               20      0       0       5        0.0%
ABS                  0      0       0       6        0.0%
BITBANK1            20      0       0       7        0.0%
DATA                 0      0       0       8        0.0%


Microchip Technology PIC Macro Assembler V1.43 build -156212558 
Symbol Table                                                                                   Tue Apr 10 13:22:40 2018

            __CFG_CP$OFF 0000                      l474 07FB             __CFG_CPD$OFF 0000  
                   _main 07F7                     btemp 007E                     start 0000  
          __CFG_IESO$OFF 0000            __CFG_MCLRE$ON 0000                    ?_main 0000  
          __CFG_WDTE$OFF 0000                    _PORTA 0005                    _TRISA 0085  
         __CFG_FCMEN$OFF 0000           __CFG_BOREN$OFF 0000                    status 0003  
                  wtemp0 007E          __initialization 07FE             __end_of_main 07FE  
                 ??_main 0000           __CFG_PWRTE$OFF 0000  __end_of__initialization 07FE  
         __pcstackCOMMON 0000               __pmaintext 07F7     end_of_initialization 07FE  
    start_initialization 07FE                ___latbits 0000            __size_of_main 0007  
     __CFG_FOSC$INTOSCIO 0000  
